app/build/intermediates/manifest_merge_blame_file/release/processReleaseMainManifest/manifest-merger-blame-release-report.txt
1<?xml version="1.0" encoding="utf-8"?>
2<manifest xmlns:android="http://schemas.android.com/apk/res/android"
3    package="com.sportspaceagm.booking"
4    android:versionCode="1"
5    android:versionName="1.0" >
6
7    <uses-sdk
8        android:minSdkVersion="24"
9        android:targetSdkVersion="35" />
10
11    <permission
11-->[androidx.core:core:1.13.0] AndroidManifest.xml:22:5-24:47
12        android:name="com.sportspaceagm.booking.DYNAMIC_RECEIVER_NOT_EXPORTED_PERMISSION"
12-->[androidx.core:core:1.13.0] AndroidManifest.xml:23:9-81
13        android:protectionLevel="signature" />
13-->[androidx.core:core:1.13.0] AndroidManifest.xml:24:9-44
14
15    <uses-permission android:name="com.sportspaceagm.booking.DYNAMIC_RECEIVER_NOT_EXPORTED_PERMISSION" />
15-->[androidx.core:core:1.13.0] AndroidManifest.xml:26:5-97
15-->[androidx.core:core:1.13.0] AndroidManifest.xml:26:22-94
16
17    <application
17-->src\main\AndroidManifest.xml:4:5-72:19
18        android:allowBackup="true"
18-->src\main\AndroidManifest.xml:5:9-35
19        android:appComponentFactory="androidx.core.app.CoreComponentFactory"
19-->[androidx.core:core:1.13.0] AndroidManifest.xml:28:18-86
20        android:extractNativeLibs="false"
21        android:icon="@mipmap/ic_launcher"
21-->src\main\AndroidManifest.xml:6:9-43
22        android:label="@string/app_name"
22-->src\main\AndroidManifest.xml:7:9-41
23        android:roundIcon="@mipmap/ic_launcher_round"
23-->src\main\AndroidManifest.xml:8:9-54
24        android:supportsRtl="true"
24-->src\main\AndroidManifest.xml:9:9-35
25        android:theme="@style/Theme.SportSpaceAGM" >
25-->src\main\AndroidManifest.xml:10:9-51
26        <activity
26-->src\main\AndroidManifest.xml:12:9-20:20
27            android:name="com.sportspaceagm.booking.activity.SplashActivity"
27-->src\main\AndroidManifest.xml:13:13-52
28            android:exported="true"
28-->src\main\AndroidManifest.xml:14:13-36
29            android:screenOrientation="portrait" >
29-->src\main\AndroidManifest.xml:15:13-49
30            <intent-filter>
30-->src\main\AndroidManifest.xml:16:13-19:29
31                <action android:name="android.intent.action.MAIN" />
31-->src\main\AndroidManifest.xml:17:17-69
31-->src\main\AndroidManifest.xml:17:25-66
32
33                <category android:name="android.intent.category.LAUNCHER" />
33-->src\main\AndroidManifest.xml:18:17-77
33-->src\main\AndroidManifest.xml:18:27-74
34            </intent-filter>
35        </activity>
36        <activity
36-->src\main\AndroidManifest.xml:22:9-25:52
37            android:name="com.sportspaceagm.booking.activity.LoginActivity"
37-->src\main\AndroidManifest.xml:23:13-51
38            android:exported="false"
38-->src\main\AndroidManifest.xml:24:13-37
39            android:screenOrientation="portrait" />
39-->src\main\AndroidManifest.xml:25:13-49
40        <activity
40-->src\main\AndroidManifest.xml:27:9-30:52
41            android:name="com.sportspaceagm.booking.activity.RegisterActivity"
41-->src\main\AndroidManifest.xml:28:13-54
42            android:exported="false"
42-->src\main\AndroidManifest.xml:29:13-37
43            android:screenOrientation="portrait" />
43-->src\main\AndroidManifest.xml:30:13-49
44        <activity
44-->src\main\AndroidManifest.xml:32:9-35:52
45            android:name="com.sportspaceagm.booking.activity.MainActivity"
45-->src\main\AndroidManifest.xml:33:13-50
46            android:exported="false"
46-->src\main\AndroidManifest.xml:34:13-37
47            android:screenOrientation="portrait" />
47-->src\main\AndroidManifest.xml:35:13-49
48        <activity
48-->src\main\AndroidManifest.xml:37:9-40:52
49            android:name="com.sportspaceagm.booking.activity.HomeActivity"
49-->src\main\AndroidManifest.xml:38:13-50
50            android:exported="false"
50-->src\main\AndroidManifest.xml:39:13-37
51            android:screenOrientation="portrait" />
51-->src\main\AndroidManifest.xml:40:13-49
52        <activity
52-->src\main\AndroidManifest.xml:42:9-45:52
53            android:name="com.sportspaceagm.booking.activity.ListLapanganActivity"
53-->src\main\AndroidManifest.xml:43:13-58
54            android:exported="false"
54-->src\main\AndroidManifest.xml:44:13-37
55            android:screenOrientation="portrait" />
55-->src\main\AndroidManifest.xml:45:13-49
56        <activity
56-->src\main\AndroidManifest.xml:47:9-50:52
57            android:name="com.sportspaceagm.booking.activity.JadwalBookingActivity"
57-->src\main\AndroidManifest.xml:48:13-59
58            android:exported="false"
58-->src\main\AndroidManifest.xml:49:13-37
59            android:screenOrientation="portrait" />
59-->src\main\AndroidManifest.xml:50:13-49
60        <activity
60-->src\main\AndroidManifest.xml:52:9-55:52
61            android:name="com.sportspaceagm.booking.activity.BookingActivity"
61-->src\main\AndroidManifest.xml:53:13-53
62            android:exported="false"
62-->src\main\AndroidManifest.xml:54:13-37
63            android:screenOrientation="portrait" />
63-->src\main\AndroidManifest.xml:55:13-49
64        <activity
64-->src\main\AndroidManifest.xml:57:9-60:52
65            android:name="com.sportspaceagm.booking.activity.HistoryBookingActivity"
65-->src\main\AndroidManifest.xml:58:13-60
66            android:exported="false"
66-->src\main\AndroidManifest.xml:59:13-37
67            android:screenOrientation="portrait" />
67-->src\main\AndroidManifest.xml:60:13-49
68        <activity
68-->src\main\AndroidManifest.xml:62:9-65:52
69            android:name="com.sportspaceagm.booking.activity.ManageLapanganActivity"
69-->src\main\AndroidManifest.xml:63:13-60
70            android:exported="false"
70-->src\main\AndroidManifest.xml:64:13-37
71            android:screenOrientation="portrait" />
71-->src\main\AndroidManifest.xml:65:13-49
72        <activity
72-->src\main\AndroidManifest.xml:67:9-70:52
73            android:name="com.sportspaceagm.booking.activity.ManageBookingActivity"
73-->src\main\AndroidManifest.xml:68:13-59
74            android:exported="false"
74-->src\main\AndroidManifest.xml:69:13-37
75            android:screenOrientation="portrait" />
75-->src\main\AndroidManifest.xml:70:13-49
76
77        <provider
77-->[androidx.emoji2:emoji2:1.3.0] AndroidManifest.xml:24:9-32:20
78            android:name="androidx.startup.InitializationProvider"
78-->[androidx.emoji2:emoji2:1.3.0] AndroidManifest.xml:25:13-67
79            android:authorities="com.sportspaceagm.booking.androidx-startup"
79-->[androidx.emoji2:emoji2:1.3.0] AndroidManifest.xml:26:13-68
80            android:exported="false" >
80-->[androidx.emoji2:emoji2:1.3.0] AndroidManifest.xml:27:13-37
81            <meta-data
81-->[androidx.emoji2:emoji2:1.3.0] AndroidManifest.xml:29:13-31:52
82                android:name="androidx.emoji2.text.EmojiCompatInitializer"
82-->[androidx.emoji2:emoji2:1.3.0] AndroidManifest.xml:30:17-75
83                android:value="androidx.startup" />
83-->[androidx.emoji2:emoji2:1.3.0] AndroidManifest.xml:31:17-49
84            <meta-data
84-->[androidx.lifecycle:lifecycle-process:2.6.2] AndroidManifest.xml:29:13-31:52
85                android:name="androidx.lifecycle.ProcessLifecycleInitializer"
85-->[androidx.lifecycle:lifecycle-process:2.6.2] AndroidManifest.xml:30:17-78
86                android:value="androidx.startup" />
86-->[androidx.lifecycle:lifecycle-process:2.6.2] AndroidManifest.xml:31:17-49
87            <meta-data
87-->[androidx.profileinstaller:profileinstaller:1.3.1] AndroidManifest.xml:29:13-31:52
88                android:name="androidx.profileinstaller.ProfileInstallerInitializer"
88-->[androidx.profileinstaller:profileinstaller:1.3.1] AndroidManifest.xml:30:17-85
89                android:value="androidx.startup" />
89-->[androidx.profileinstaller:profileinstaller:1.3.1] AndroidManifest.xml:31:17-49
90        </provider>
91
92        <receiver
92-->[androidx.profileinstaller:profileinstaller:1.3.1] AndroidManifest.xml:34:9-52:20
93            android:name="androidx.profileinstaller.ProfileInstallReceiver"
93-->[androidx.profileinstaller:profileinstaller:1.3.1] AndroidManifest.xml:35:13-76
94            android:directBootAware="false"
94-->[androidx.profileinstaller:profileinstaller:1.3.1] AndroidManifest.xml:36:13-44
95            android:enabled="true"
95-->[androidx.profileinstaller:profileinstaller:1.3.1] AndroidManifest.xml:37:13-35
96            android:exported="true"
96-->[androidx.profileinstaller:profileinstaller:1.3.1] AndroidManifest.xml:38:13-36
97            android:permission="android.permission.DUMP" >
97-->[androidx.profileinstaller:profileinstaller:1.3.1] AndroidManifest.xml:39:13-57
98            <intent-filter>
98-->[androidx.profileinstaller:profileinstaller:1.3.1] AndroidManifest.xml:40:13-42:29
99                <action android:name="androidx.profileinstaller.action.INSTALL_PROFILE" />
99-->[androidx.profileinstaller:profileinstaller:1.3.1] AndroidManifest.xml:41:17-91
99-->[androidx.profileinstaller:profileinstaller:1.3.1] AndroidManifest.xml:41:25-88
100            </intent-filter>
101            <intent-filter>
101-->[androidx.profileinstaller:profileinstaller:1.3.1] AndroidManifest.xml:43:13-45:29
102                <action android:name="androidx.profileinstaller.action.SKIP_FILE" />
102-->[androidx.profileinstaller:profileinstaller:1.3.1] AndroidManifest.xml:44:17-85
102-->[androidx.profileinstaller:profileinstaller:1.3.1] AndroidManifest.xml:44:25-82
103            </intent-filter>
104            <intent-filter>
104-->[androidx.profileinstaller:profileinstaller:1.3.1] AndroidManifest.xml:46:13-48:29
105                <action android:name="androidx.profileinstaller.action.SAVE_PROFILE" />
105-->[androidx.profileinstaller:profileinstaller:1.3.1] AndroidManifest.xml:47:17-88
105-->[androidx.profileinstaller:profileinstaller:1.3.1] AndroidManifest.xml:47:25-85
106            </intent-filter>
107            <intent-filter>
107-->[androidx.profileinstaller:profileinstaller:1.3.1] AndroidManifest.xml:49:13-51:29
108                <action android:name="androidx.profileinstaller.action.BENCHMARK_OPERATION" />
108-->[androidx.profileinstaller:profileinstaller:1.3.1] AndroidManifest.xml:50:17-95
108-->[androidx.profileinstaller:profileinstaller:1.3.1] AndroidManifest.xml:50:25-92
109            </intent-filter>
110        </receiver>
111    </application>
112
113</manifest>